Compiling the C compiler identification source file "CMakeCCompilerId.c" failed.
Compiler: /usr/bin/cc 
Build flags: 
Id flags: 

The output was:
1
/usr/bin/ld: cannot find crt1.o: No such file or directory
/usr/bin/ld: cannot find crti.o: No such file or directory
/usr/bin/ld: cannot find -lc
/usr/bin/ld: cannot find crtn.o: No such file or directory
collect2: error: ld returned 1 exit status


Compiling the CXX compiler identification source file "CMakeCXXCompilerId.cpp" failed.
Compiler: CMAKE_CXX_COMPILER-NOTFOUND 
Build flags: 
Id flags: 

The output was:
No such file or directory


Compiling the CXX compiler identification source file "CMakeCXXCompilerId.cpp" failed.
Compiler: CMAKE_CXX_COMPILER-NOTFOUND 
Build flags: 
Id flags: -c

The output was:
No such file or directory


Determining if the C compiler works failed with the following output:
Change Dir: /home/professor-rhymes/Documents/school/principles-of-software-design/cs36300-spring2017-algebraic-v2/cmake-build-debug/CMakeFiles/CMakeTmp

Run Build Command:"/usr/bin/make" "cmTC_6f791/fast"
/usr/bin/make -f CMakeFiles/cmTC_6f791.dir/build.make CMakeFiles/cmTC_6f791.dir/build
make[1]: Entering directory '/home/professor-rhymes/Documents/school/principles-of-software-design/cs36300-spring2017-algebraic-v2/cmake-build-debug/CMakeFiles/CMakeTmp'
Building C object CMakeFiles/cmTC_6f791.dir/testCCompiler.c.o
/usr/bin/cc     -o CMakeFiles/cmTC_6f791.dir/testCCompiler.c.o   -c /home/professor-rhymes/Documents/school/principles-of-software-design/cs36300-spring2017-algebraic-v2/cmake-build-debug/CMakeFiles/CMakeTmp/testCCompiler.c
Linking C executable cmTC_6f791
/home/professor-rhymes/Documents/installations/clion-2017.1.1/bin/cmake/bin/cmake -E cmake_link_script CMakeFiles/cmTC_6f791.dir/link.txt --verbose=1
/usr/bin/cc       CMakeFiles/cmTC_6f791.dir/testCCompiler.c.o  -o cmTC_6f791 
/usr/bin/ld: cannot find crt1.o: No such file or directory
/usr/bin/ld: cannot find crti.o: No such file or directory
/usr/bin/ld: cannot find -lc
/usr/bin/ld: cannot find crtn.o: No such file or directory
collect2: error: ld returned 1 exit status
CMakeFiles/cmTC_6f791.dir/build.make:97: recipe for target 'cmTC_6f791' failed
make[1]: *** [cmTC_6f791] Error 1
make[1]: Leaving directory '/home/professor-rhymes/Documents/school/principles-of-software-design/cs36300-spring2017-algebraic-v2/cmake-build-debug/CMakeFiles/CMakeTmp'
Makefile:126: recipe for target 'cmTC_6f791/fast' failed
make: *** [cmTC_6f791/fast] Error 2


